<?xml version="1.0" encoding="UTF-8"?>
<!-- Generated by org.testng.reporters.JUnitReportReporter -->
<testsuite name="qaclickacademy.AppiumTest" tests="2" time="0.004" ignored="0" failures="0" timestamp="24 Mar 2021 07:44:12 GMT" skipped="0" hostname="DESKTOP-QQHIPVQ" errors="0">
  <testcase name="iOSApps" time="0.003" classname="qaclickacademy.AppiumTest"/>
  <testcase name="NativeAppAndroid" time="0.001" classname="qaclickacademy.AppiumTest"/>
</testsuite> <!-- qaclickacademy.AppiumTest -->
