<?xml version="1.0" encoding="UTF-8"?>
<!-- Generated by org.testng.reporters.JUnitReportReporter -->
<testsuite name="qaclickacademy.SeleniumTest" tests="2" time="0.018" ignored="0" failures="0" timestamp="24 Mar 2021 07:44:29 GMT" skipped="0" hostname="DESKTOP-QQHIPVQ" errors="0">
  <testcase name="BrowserAutomation" time="0.016" classname="qaclickacademy.SeleniumTest"/>
  <testcase name="elementsUI" time="0.002" classname="qaclickacademy.SeleniumTest"/>
</testsuite> <!-- qaclickacademy.SeleniumTest -->
