<?xml version="1.0" encoding="UTF-8"?>
<!-- Generated by org.testng.reporters.JUnitReportReporter -->
<testsuite name="qaclickacademy.RestAPITest" tests="2" time="0.007" ignored="0" failures="0" timestamp="24 Mar 2021 07:44:29 GMT" skipped="0" hostname="DESKTOP-QQHIPVQ" errors="0">
  <testcase name="deleteTwitter" time="0.005" classname="qaclickacademy.RestAPITest"/>
  <testcase name="postJira" time="0.002" classname="qaclickacademy.RestAPITest"/>
</testsuite> <!-- qaclickacademy.RestAPITest -->
