<?xml version="1.0" encoding="UTF-8"?>
<!-- Generated by org.testng.reporters.JUnitReportReporter -->
<testsuite skipped="0" hostname="DESKTOP-QQHIPVQ" name="qaclickacademy.AppiumTest" tests="2" failures="0" timestamp="13 May 2021 04:04:23 GMT" time="0.002" errors="0">
  <testcase name="NativeAppAndroid" time="0.001" classname="qaclickacademy.AppiumTest"/>
  <testcase name="iOSApps" time="0.001" classname="qaclickacademy.AppiumTest"/>
</testsuite> <!-- qaclickacademy.AppiumTest -->
